<!doctype html>
<html lang="">
<head>
    <meta charset="UTF-8">
    <meta name="viewport"
          content="width=device-width, user-scalable=no, initial-scale=1.0, maximum-scale=1.0, minimum-scale=1.0">
    <meta http-equiv="X-UA-Compatible" content="ie=edge">
    <title>Test Results Report - Smoke Test</title>

    <link href="reportng.css" rel="stylesheet" type="text/css"/>
</head>
<body>
<div id="meta">
Generated by <a href="http://www.testng.org" target="_blank">TestNG</a> with <a href="https://github.com/testng-team/reportng" target="_blank">ReportNG</a>
at 15:32 BST on Friday 20 September 2024
    <br/><span
    id="systemInfo">hiralyagnik@Hirals-MacBook-Pro.local&nbsp;/&nbsp;Java 19.0.2 (Oracle Corporation)&nbsp;/&nbsp;Mac OS X 13.3.1 (aarch64)</span>
</div>
<h1>Smoke Test</h1>

<p>
    <a href="index.html">Suites</a>
        &#183; <a href="output.html">Log Output</a>
</p>

<p>Test duration
    : 4.572s</p>


    <table class="resultsTable">
        <tr>
            <th colspan="3" class="header failed">Failed Tests</th>
        </tr>
            <tr>
                <td class="group" colspan="3">io.ensek.qacandidatetest.testcases.ApiTests</td>
            </tr>
    <tr>
        <td class="method">
                <span class="description" title="Get Order By Id">
                    test010GetOrderById
                </span>
        </td>
        <td class="duration">
            0.306s
        </td>
        <td class="result">
            <!-- Display the dependencies for skipped test methods -->


            <!-- Show logger output for the test -->

                <a href="javascript:toggleElement('exception-0', 'block')"
                   title="Click to expand/collapse">
                    <b>java.lang.AssertionError: 1 expectation failed.<br/>
Expected status code &lt;200&gt; but was &lt;500&gt;.<br/>
</b>
                </a>
                <br/>
                <div class="stackTrace" id="exception-0">
                        java.base/jdk.internal.reflect.DirectConstructorHandleAccessor.newInstance(DirectConstructorHandleAccessor.java:67)<br/>
                        java.base/java.lang.reflect.Constructor.newInstanceWithCaller(Constructor.java:500)<br/>
                        java.base/java.lang.reflect.Constructor.newInstance(Constructor.java:484)<br/>
                        org.codehaus.groovy.reflection.CachedConstructor.invoke(CachedConstructor.java:73)<br/>
                        org.codehaus.groovy.runtime.callsite.ConstructorSite$ConstructorSiteNoUnwrapNoCoerce.callConstructor(ConstructorSite.java:108)<br/>
                        org.codehaus.groovy.runtime.callsite.CallSiteArray.defaultCallConstructor(CallSiteArray.java:57)<br/>
                        org.codehaus.groovy.runtime.callsite.AbstractCallSite.callConstructor(AbstractCallSite.java:263)<br/>
                        org.codehaus.groovy.runtime.callsite.AbstractCallSite.callConstructor(AbstractCallSite.java:277)<br/>
                        io.restassured.internal.ResponseSpecificationImpl$HamcrestAssertionClosure.validate(ResponseSpecificationImpl.groovy:512)<br/>
                        io.restassured.internal.ResponseSpecificationImpl$HamcrestAssertionClosure$validate$1.call(Unknown Source)<br/>
                        io.restassured.internal.ResponseSpecificationImpl.validateResponseIfRequired(ResponseSpecificationImpl.groovy:696)<br/>
                        io.restassured.internal.ResponseSpecificationImpl.this$2$validateResponseIfRequired(ResponseSpecificationImpl.groovy)<br/>
                        java.base/jdk.internal.reflect.DirectMethodHandleAccessor.invoke(DirectMethodHandleAccessor.java:104)<br/>
                        java.base/java.lang.reflect.Method.invoke(Method.java:578)<br/>
                        org.codehaus.groovy.runtime.callsite.PlainObjectMetaMethodSite.doInvoke(PlainObjectMetaMethodSite.java:43)<br/>
                        org.codehaus.groovy.runtime.callsite.PogoMetaMethodSite$PogoCachedMethodSiteNoUnwrapNoCoerce.invoke(PogoMetaMethodSite.java:198)<br/>
                        org.codehaus.groovy.runtime.callsite.PogoMetaMethodSite.callCurrent(PogoMetaMethodSite.java:62)<br/>
                        org.codehaus.groovy.runtime.callsite.AbstractCallSite.callCurrent(AbstractCallSite.java:185)<br/>
                        io.restassured.internal.ResponseSpecificationImpl.statusCode(ResponseSpecificationImpl.groovy:135)<br/>
                        io.restassured.specification.ResponseSpecification$statusCode$0.callCurrent(Unknown Source)<br/>
                        io.restassured.internal.ResponseSpecificationImpl.statusCode(ResponseSpecificationImpl.groovy:143)<br/>
                        io.restassured.internal.ValidatableResponseOptionsImpl.statusCode(ValidatableResponseOptionsImpl.java:89)<br/>
                        io.ensek.qacandidatetest.testcases.ApiTests.test010GetOrderById(ApiTests.java:170)<br/>
                        java.base/jdk.internal.reflect.DirectMethodHandleAccessor.invoke(DirectMethodHandleAccessor.java:104)<br/>
                        java.base/java.lang.reflect.Method.invoke(Method.java:578)<br/>
                        org.testng.internal.invokers.MethodInvocationHelper.invokeMethod(MethodInvocationHelper.java:141)<br/>
                        org.testng.internal.invokers.TestInvoker.invokeMethod(TestInvoker.java:686)<br/>
                        org.testng.internal.invokers.TestInvoker.invokeTestMethod(TestInvoker.java:230)<br/>
                        org.testng.internal.invokers.MethodRunner.runInSequence(MethodRunner.java:63)<br/>
                        org.testng.internal.invokers.TestInvoker$MethodInvocationAgent.invoke(TestInvoker.java:992)<br/>
                        org.testng.internal.invokers.TestInvoker.invokeTestMethods(TestInvoker.java:203)<br/>
                        org.testng.internal.invokers.TestMethodWorker.invokeTestMethods(TestMethodWorker.java:154)<br/>
                        org.testng.internal.invokers.TestMethodWorker.run(TestMethodWorker.java:134)<br/>
                        java.base/java.util.ArrayList.forEach(ArrayList.java:1511)<br/>
                        org.testng.TestRunner.privateRun(TestRunner.java:739)<br/>
                        org.testng.TestRunner.run(TestRunner.java:614)<br/>
                        org.testng.SuiteRunner.runTest(SuiteRunner.java:421)<br/>
                        org.testng.SuiteRunner.runSequentially(SuiteRunner.java:413)<br/>
                        org.testng.SuiteRunner.privateRun(SuiteRunner.java:373)<br/>
                        org.testng.SuiteRunner.run(SuiteRunner.java:312)<br/>
                        org.testng.SuiteRunnerWorker.runSuite(SuiteRunnerWorker.java:52)<br/>
                        org.testng.SuiteRunnerWorker.run(SuiteRunnerWorker.java:95)<br/>
                        org.testng.TestNG.runSuitesSequentially(TestNG.java:1274)<br/>
                        org.testng.TestNG.runSuitesLocally(TestNG.java:1208)<br/>
                        org.testng.TestNG.runSuites(TestNG.java:1112)<br/>
                        org.testng.TestNG.run(TestNG.java:1079)<br/>
                        com.intellij.rt.testng.IDEARemoteTestNG.run(IDEARemoteTestNG.java:66)<br/>
                        com.intellij.rt.testng.RemoteTestNGStarter.main(RemoteTestNGStarter.java:105)<br/>
                </div>
        </td>
    </tr>
    <tr>
        <td class="method">
                <span class="description" title="Delete Order By Id">
                    test011DeleteOrderById
                </span>
        </td>
        <td class="duration">
            0.284s
        </td>
        <td class="result">
            <!-- Display the dependencies for skipped test methods -->


            <!-- Show logger output for the test -->

                <a href="javascript:toggleElement('exception-1', 'block')"
                   title="Click to expand/collapse">
                    <b>java.lang.AssertionError: 1 expectation failed.<br/>
Expected status code &lt;200&gt; but was &lt;500&gt;.<br/>
</b>
                </a>
                <br/>
                <div class="stackTrace" id="exception-1">
                        java.base/jdk.internal.reflect.DirectConstructorHandleAccessor.newInstance(DirectConstructorHandleAccessor.java:67)<br/>
                        java.base/java.lang.reflect.Constructor.newInstanceWithCaller(Constructor.java:500)<br/>
                        java.base/java.lang.reflect.Constructor.newInstance(Constructor.java:484)<br/>
                        org.codehaus.groovy.reflection.CachedConstructor.invoke(CachedConstructor.java:73)<br/>
                        org.codehaus.groovy.runtime.callsite.ConstructorSite$ConstructorSiteNoUnwrapNoCoerce.callConstructor(ConstructorSite.java:108)<br/>
                        org.codehaus.groovy.runtime.callsite.AbstractCallSite.callConstructor(AbstractCallSite.java:277)<br/>
                        io.restassured.internal.ResponseSpecificationImpl$HamcrestAssertionClosure.validate(ResponseSpecificationImpl.groovy:512)<br/>
                        io.restassured.internal.ResponseSpecificationImpl$HamcrestAssertionClosure$validate$1.call(Unknown Source)<br/>
                        io.restassured.internal.ResponseSpecificationImpl.validateResponseIfRequired(ResponseSpecificationImpl.groovy:696)<br/>
                        io.restassured.internal.ResponseSpecificationImpl.this$2$validateResponseIfRequired(ResponseSpecificationImpl.groovy)<br/>
                        java.base/jdk.internal.reflect.DirectMethodHandleAccessor.invoke(DirectMethodHandleAccessor.java:104)<br/>
                        java.base/java.lang.reflect.Method.invoke(Method.java:578)<br/>
                        org.codehaus.groovy.runtime.callsite.PlainObjectMetaMethodSite.doInvoke(PlainObjectMetaMethodSite.java:43)<br/>
                        org.codehaus.groovy.runtime.callsite.PogoMetaMethodSite$PogoCachedMethodSiteNoUnwrapNoCoerce.invoke(PogoMetaMethodSite.java:198)<br/>
                        org.codehaus.groovy.runtime.callsite.PogoMetaMethodSite.callCurrent(PogoMetaMethodSite.java:62)<br/>
                        org.codehaus.groovy.runtime.callsite.AbstractCallSite.callCurrent(AbstractCallSite.java:185)<br/>
                        io.restassured.internal.ResponseSpecificationImpl.statusCode(ResponseSpecificationImpl.groovy:135)<br/>
                        io.restassured.specification.ResponseSpecification$statusCode$0.callCurrent(Unknown Source)<br/>
                        io.restassured.internal.ResponseSpecificationImpl.statusCode(ResponseSpecificationImpl.groovy:143)<br/>
                        io.restassured.internal.ValidatableResponseOptionsImpl.statusCode(ValidatableResponseOptionsImpl.java:89)<br/>
                        io.ensek.qacandidatetest.testcases.ApiTests.test011DeleteOrderById(ApiTests.java:178)<br/>
                        java.base/jdk.internal.reflect.DirectMethodHandleAccessor.invoke(DirectMethodHandleAccessor.java:104)<br/>
                        java.base/java.lang.reflect.Method.invoke(Method.java:578)<br/>
                        org.testng.internal.invokers.MethodInvocationHelper.invokeMethod(MethodInvocationHelper.java:141)<br/>
                        org.testng.internal.invokers.TestInvoker.invokeMethod(TestInvoker.java:686)<br/>
                        org.testng.internal.invokers.TestInvoker.invokeTestMethod(TestInvoker.java:230)<br/>
                        org.testng.internal.invokers.MethodRunner.runInSequence(MethodRunner.java:63)<br/>
                        org.testng.internal.invokers.TestInvoker$MethodInvocationAgent.invoke(TestInvoker.java:992)<br/>
                        org.testng.internal.invokers.TestInvoker.invokeTestMethods(TestInvoker.java:203)<br/>
                        org.testng.internal.invokers.TestMethodWorker.invokeTestMethods(TestMethodWorker.java:154)<br/>
                        org.testng.internal.invokers.TestMethodWorker.run(TestMethodWorker.java:134)<br/>
                        java.base/java.util.ArrayList.forEach(ArrayList.java:1511)<br/>
                        org.testng.TestRunner.privateRun(TestRunner.java:739)<br/>
                        org.testng.TestRunner.run(TestRunner.java:614)<br/>
                        org.testng.SuiteRunner.runTest(SuiteRunner.java:421)<br/>
                        org.testng.SuiteRunner.runSequentially(SuiteRunner.java:413)<br/>
                        org.testng.SuiteRunner.privateRun(SuiteRunner.java:373)<br/>
                        org.testng.SuiteRunner.run(SuiteRunner.java:312)<br/>
                        org.testng.SuiteRunnerWorker.runSuite(SuiteRunnerWorker.java:52)<br/>
                        org.testng.SuiteRunnerWorker.run(SuiteRunnerWorker.java:95)<br/>
                        org.testng.TestNG.runSuitesSequentially(TestNG.java:1274)<br/>
                        org.testng.TestNG.runSuitesLocally(TestNG.java:1208)<br/>
                        org.testng.TestNG.runSuites(TestNG.java:1112)<br/>
                        org.testng.TestNG.run(TestNG.java:1079)<br/>
                        com.intellij.rt.testng.IDEARemoteTestNG.run(IDEARemoteTestNG.java:66)<br/>
                        com.intellij.rt.testng.RemoteTestNGStarter.main(RemoteTestNGStarter.java:105)<br/>
                </div>
        </td>
    </tr>
    </table>


    <table class="resultsTable" width="100%">
        <tr>
            <th colspan="3" class="header passed">Passed Tests</th>
        </tr>
            <tr>
                <td class="group" colspan="3">io.ensek.qacandidatetest.testcases.ApiTests</td>
            </tr>
    <tr>
        <td class="method">
                <span class="description" title="This Test will Login User and generate Token">
                    test002LoginUser
                </span>
        </td>
        <td class="duration">
            1.024s
        </td>
        <td class="result">
            <!-- Display the dependencies for skipped test methods -->


            <!-- Show logger output for the test -->

        </td>
    </tr>
    <tr>
        <td class="method">
                <span class="description" title="With Acceess Token - Reset Data">
                    test003ResetData
                </span>
        </td>
        <td class="duration">
            0.290s
        </td>
        <td class="result">
            <!-- Display the dependencies for skipped test methods -->


            <!-- Show logger output for the test -->

        </td>
    </tr>
    <tr>
        <td class="method">
                <span class="description" title="Get Energy">
                    test004GetEnergy
                </span>
        </td>
        <td class="duration">
            0.237s
        </td>
        <td class="result">
            <!-- Display the dependencies for skipped test methods -->


            <!-- Show logger output for the test -->

        </td>
    </tr>
    <tr>
        <td class="method">
                <span class="description" title="Get Existing Orders">
                    test005GetExistingOrders
                </span>
        </td>
        <td class="duration">
            0.310s
        </td>
        <td class="result">
            <!-- Display the dependencies for skipped test methods -->


            <!-- Show logger output for the test -->

        </td>
    </tr>
    <tr>
        <td class="method">
                <span class="description" title="Get order By id">
                    test006GetOrderById
                </span>
        </td>
        <td class="duration">
            0.258s
        </td>
        <td class="result">
            <!-- Display the dependencies for skipped test methods -->


            <!-- Show logger output for the test -->

        </td>
    </tr>
    <tr>
        <td class="method">
                <span class="description" title="Buy Energy">
                    test007BuyEnergyOfEachFuelType
                </span>
        </td>
        <td class="duration">
            0.284s
        </td>
        <td class="result">
            <!-- Display the dependencies for skipped test methods -->

                <i>Method arguments: </i>
                <span class="arguments">
                    2, 50
                </span>
                <br/>

            <!-- Show logger output for the test -->

        </td>
    </tr>
    <tr>
        <td class="method">
                <span class="description" title="Buy Energy">
                    test007BuyEnergyOfEachFuelType
                </span>
        </td>
        <td class="duration">
            0.315s
        </td>
        <td class="result">
            <!-- Display the dependencies for skipped test methods -->

                <i>Method arguments: </i>
                <span class="arguments">
                    1, 100
                </span>
                <br/>

            <!-- Show logger output for the test -->

        </td>
    </tr>
    <tr>
        <td class="method">
                <span class="description" title="Buy Energy">
                    test007BuyEnergyOfEachFuelType
                </span>
        </td>
        <td class="duration">
            0.234s
        </td>
        <td class="result">
            <!-- Display the dependencies for skipped test methods -->

                <i>Method arguments: </i>
                <span class="arguments">
                    3, 8
                </span>
                <br/>

            <!-- Show logger output for the test -->

        </td>
    </tr>
    <tr>
        <td class="method">
                <span class="description" title="Buy Energy">
                    test007BuyEnergyOfEachFuelType
                </span>
        </td>
        <td class="duration">
            0.276s
        </td>
        <td class="result">
            <!-- Display the dependencies for skipped test methods -->

                <i>Method arguments: </i>
                <span class="arguments">
                    4, 1000
                </span>
                <br/>

            <!-- Show logger output for the test -->

        </td>
    </tr>
    <tr>
        <td class="method">
                <span class="description" title="Get Updated Orders">
                    test008GetUpdatedOrders
                </span>
        </td>
        <td class="duration">
            0.310s
        </td>
        <td class="result">
            <!-- Display the dependencies for skipped test methods -->


            <!-- Show logger output for the test -->

        </td>
    </tr>
    <tr>
        <td class="method">
                <span class="description" title="Get Orders Placed Before Today">
                    test009GetOrdersPlacedBeforeToday
                </span>
        </td>
        <td class="duration">
            0.285s
        </td>
        <td class="result">
            <!-- Display the dependencies for skipped test methods -->


            <!-- Show logger output for the test -->

        </td>
    </tr>
    </table>

<script type="text/javascript" src="reportng.js"></script>
</body>
